{
  "stats": {
    "suites": 1,
    "tests": 4,
    "passes": 3,
    "pending": 0,
    "failures": 1,
    "start": "2017-05-02T10:27:20.178Z",
    "end": "2017-05-02T10:27:22.120Z",
    "duration": 1943,
    "testsRegistered": 4,
    "passPercent": 75,
    "pendingPercent": 0,
    "other": 0,
    "hasOther": false,
    "skipped": 0,
    "hasSkipped": false,
    "passPercentClass": "warning",
    "pendingPercentClass": "danger"
  },
  "suites": {
    "title": "",
    "suites": [
      {
        "title": "Contacts API unit test",
        "suites": [],
        "tests": [
          {
            "title": "should return collection of JSON documents",
            "fullTitle": "Contacts API unit test should return collection of JSON documents",
            "timedOut": false,
            "duration": 1751,
            "state": "passed",
            "speed": "slow",
            "pass": true,
            "fail": false,
            "pending": false,
            "code": "// calling home page api\n(0, _supertest2.default)(_server.server).get(\"/api/contacts\").expect(\"Content-type\", /json/).expect(200) // This is the HTTP response\n.end(function (err, res) {\n  // HTTP status should be 200\n  res.status.should.equal(200);\n  done();\n});",
            "err": {},
            "isRoot": false,
            "uuid": "89727123-789f-4c6b-ab3e-7b353ef4df24",
            "parentUUID": "4fd3dd38-2ab0-4ede-af60-78013e6c8574",
            "skipped": false
          },
          {
            "title": "should add a contact",
            "fullTitle": "Contacts API unit test should add a contact",
            "timedOut": false,
            "duration": 48,
            "state": "passed",
            "speed": "medium",
            "pass": true,
            "fail": false,
            "pending": false,
            "code": "// post to /api/contacts\n// calling home page api\n(0, _supertest2.default)(_server.server).post('/api/contacts').send({ name: \"Contact 99\", address: \"123 Strand St\" }).expect(\"Content-type\", /json/).expect(201).end(function (err, res) {\n  res.status.should.equal(201);\n  res.body.contact.should.have.property('_id');\n  res.body.contact.name.should.equal('Contact 99');\n  done();\n});",
            "err": {},
            "isRoot": false,
            "uuid": "252d60d5-3765-4a6e-8b66-fc22846e66ce",
            "parentUUID": "4fd3dd38-2ab0-4ede-af60-78013e6c8574",
            "skipped": false
          },
          {
            "title": "should delete contact",
            "fullTitle": "Contacts API unit test should delete contact",
            "timedOut": false,
            "duration": 33,
            "state": "passed",
            "speed": "fast",
            "pass": true,
            "fail": false,
            "pending": false,
            "code": "// post to /api/contacts\n// calling home page api\nvar superserver = (0, _supertest2.default)(_server.server);\nsuperserver.get(\"/api/contacts\").expect(\"Content-type\", /json/).expect(200) // THis is HTTP response\n.end(function (err, res) {\n  var id = res.body[0]._id;\n  superserver.delete(\"/api/contacts/\" + id).expect(\"Content-type\", /json/).expect(200) // THis is HTTP response\n  .end(function (err, res) {\n    res.body._id.should.equal(id);\n    res.body.should.have.property(\"name\");\n    done();\n  });\n});",
            "err": {},
            "isRoot": false,
            "uuid": "86c28399-880d-4625-8394-97fa716af2e4",
            "parentUUID": "4fd3dd38-2ab0-4ede-af60-78013e6c8574",
            "skipped": false
          },
          {
            "title": "should update contact",
            "fullTitle": "Contacts API unit test should update contact",
            "timedOut": false,
            "duration": 0,
            "state": "failed",
            "pass": false,
            "fail": true,
            "pending": false,
            "code": "// post to /api/contacts\n// calling home page api\nvar superserver = (0, _supertest2.default)(_server.server);\nsuperserver.get(\"/api/contacts\").expect(\"Content-type\", /json/).expect(200) // THis is HTTP response\n.end(function (err, res) {\n  var id = res.body[0]._id,\n      name = res.body[0].name,\n      address = res.body[0].address;\n  superserver.put(\"/api/contacts/\" + id).send({ name: name + 1, address: address + 1 }).expect(\"Content-type\", /json/).expect(200) // THis is HTTP response\n  .end(function (err, res) {\n    _should2.default.exist(res.body.asd);\n    res.status.should.equal(200);\n    res.body.should.have.property('_id');\n    res.body.name.should.equal(name + 1);\n    res.body.address.should.equal(address + 1);\n    done();\n  });\n});",
            "err": {
              "message": "expected undefined to exist",
              "uncaught": true,
              "estack": "AssertionError: expected undefined to exist\n    at Test.<anonymous> (C:/Users/vsamsinovs/OneDrive/Wit/Distributed Systems/Project2/ewd_labs_2017/node_lab4/test/testContactsApi.js:86:20)\n    at Test.assert (node_modules\\supertest\\lib\\test.js:179:6)\n    at Server.assert (node_modules\\supertest\\lib\\test.js:131:12)\n    at emitCloseNT (net.js:1548:8)\n    at _combinedTickCallback (internal/process/next_tick.js:71:11)\n    at process._tickCallback (internal/process/next_tick.js:98:9)"
            },
            "isRoot": false,
            "uuid": "aee5effe-6895-42c3-b971-1db56923ef6b",
            "parentUUID": "4fd3dd38-2ab0-4ede-af60-78013e6c8574",
            "skipped": false
          }
        ],
        "pending": [],
        "root": false,
        "_timeout": 120000,
        "file": "\\test\\testContactsApi.js",
        "uuid": "4fd3dd38-2ab0-4ede-af60-78013e6c8574",
        "fullFile": "C:\\Users\\vsamsinovs\\OneDrive\\Wit\\Distributed Systems\\Project2\\ewd_labs_2017\\node_lab4\\test\\testContactsApi.js",
        "passes": [
          {
            "title": "should return collection of JSON documents",
            "fullTitle": "Contacts API unit test should return collection of JSON documents",
            "timedOut": false,
            "duration": 1751,
            "state": "passed",
            "speed": "slow",
            "pass": true,
            "fail": false,
            "pending": false,
            "code": "// calling home page api\n(0, _supertest2.default)(_server.server).get(\"/api/contacts\").expect(\"Content-type\", /json/).expect(200) // This is the HTTP response\n.end(function (err, res) {\n  // HTTP status should be 200\n  res.status.should.equal(200);\n  done();\n});",
            "err": {},
            "isRoot": false,
            "uuid": "89727123-789f-4c6b-ab3e-7b353ef4df24",
            "parentUUID": "4fd3dd38-2ab0-4ede-af60-78013e6c8574",
            "skipped": false
          },
          {
            "title": "should add a contact",
            "fullTitle": "Contacts API unit test should add a contact",
            "timedOut": false,
            "duration": 48,
            "state": "passed",
            "speed": "medium",
            "pass": true,
            "fail": false,
            "pending": false,
            "code": "// post to /api/contacts\n// calling home page api\n(0, _supertest2.default)(_server.server).post('/api/contacts').send({ name: \"Contact 99\", address: \"123 Strand St\" }).expect(\"Content-type\", /json/).expect(201).end(function (err, res) {\n  res.status.should.equal(201);\n  res.body.contact.should.have.property('_id');\n  res.body.contact.name.should.equal('Contact 99');\n  done();\n});",
            "err": {},
            "isRoot": false,
            "uuid": "252d60d5-3765-4a6e-8b66-fc22846e66ce",
            "parentUUID": "4fd3dd38-2ab0-4ede-af60-78013e6c8574",
            "skipped": false
          },
          {
            "title": "should delete contact",
            "fullTitle": "Contacts API unit test should delete contact",
            "timedOut": false,
            "duration": 33,
            "state": "passed",
            "speed": "fast",
            "pass": true,
            "fail": false,
            "pending": false,
            "code": "// post to /api/contacts\n// calling home page api\nvar superserver = (0, _supertest2.default)(_server.server);\nsuperserver.get(\"/api/contacts\").expect(\"Content-type\", /json/).expect(200) // THis is HTTP response\n.end(function (err, res) {\n  var id = res.body[0]._id;\n  superserver.delete(\"/api/contacts/\" + id).expect(\"Content-type\", /json/).expect(200) // THis is HTTP response\n  .end(function (err, res) {\n    res.body._id.should.equal(id);\n    res.body.should.have.property(\"name\");\n    done();\n  });\n});",
            "err": {},
            "isRoot": false,
            "uuid": "86c28399-880d-4625-8394-97fa716af2e4",
            "parentUUID": "4fd3dd38-2ab0-4ede-af60-78013e6c8574",
            "skipped": false
          }
        ],
        "failures": [
          {
            "title": "should update contact",
            "fullTitle": "Contacts API unit test should update contact",
            "timedOut": false,
            "duration": 0,
            "state": "failed",
            "pass": false,
            "fail": true,
            "pending": false,
            "code": "// post to /api/contacts\n// calling home page api\nvar superserver = (0, _supertest2.default)(_server.server);\nsuperserver.get(\"/api/contacts\").expect(\"Content-type\", /json/).expect(200) // THis is HTTP response\n.end(function (err, res) {\n  var id = res.body[0]._id,\n      name = res.body[0].name,\n      address = res.body[0].address;\n  superserver.put(\"/api/contacts/\" + id).send({ name: name + 1, address: address + 1 }).expect(\"Content-type\", /json/).expect(200) // THis is HTTP response\n  .end(function (err, res) {\n    _should2.default.exist(res.body.asd);\n    res.status.should.equal(200);\n    res.body.should.have.property('_id');\n    res.body.name.should.equal(name + 1);\n    res.body.address.should.equal(address + 1);\n    done();\n  });\n});",
            "err": {
              "message": "expected undefined to exist",
              "uncaught": true,
              "estack": "AssertionError: expected undefined to exist\n    at Test.<anonymous> (C:/Users/vsamsinovs/OneDrive/Wit/Distributed Systems/Project2/ewd_labs_2017/node_lab4/test/testContactsApi.js:86:20)\n    at Test.assert (node_modules\\supertest\\lib\\test.js:179:6)\n    at Server.assert (node_modules\\supertest\\lib\\test.js:131:12)\n    at emitCloseNT (net.js:1548:8)\n    at _combinedTickCallback (internal/process/next_tick.js:71:11)\n    at process._tickCallback (internal/process/next_tick.js:98:9)"
            },
            "isRoot": false,
            "uuid": "aee5effe-6895-42c3-b971-1db56923ef6b",
            "parentUUID": "4fd3dd38-2ab0-4ede-af60-78013e6c8574",
            "skipped": false
          }
        ],
        "skipped": [],
        "hasTests": true,
        "hasSuites": false,
        "totalTests": 4,
        "totalPasses": 3,
        "totalFailures": 1,
        "totalPending": 0,
        "totalSkipped": 0,
        "hasPasses": true,
        "hasFailures": true,
        "hasPending": false,
        "hasSkipped": false,
        "duration": 1832,
        "rootEmpty": false
      }
    ],
    "tests": [],
    "pending": [],
    "root": true,
    "_timeout": 2000,
    "uuid": "be1cb325-c79b-4c41-b0c8-e5f15ab24540",
    "fullFile": "",
    "file": "",
    "passes": [],
    "failures": [],
    "skipped": [],
    "hasTests": false,
    "hasSuites": true,
    "totalTests": 0,
    "totalPasses": 0,
    "totalFailures": 0,
    "totalPending": 0,
    "totalSkipped": 0,
    "hasPasses": false,
    "hasFailures": false,
    "hasPending": false,
    "hasSkipped": false,
    "duration": 0,
    "rootEmpty": true
  },
  "allTests": [
    {
      "title": "should return collection of JSON documents",
      "fullTitle": "Contacts API unit test should return collection of JSON documents",
      "timedOut": false,
      "duration": 1751,
      "state": "passed",
      "speed": "slow",
      "pass": true,
      "fail": false,
      "pending": false,
      "code": "// calling home page api\n(0, _supertest2.default)(_server.server).get(\"/api/contacts\").expect(\"Content-type\", /json/).expect(200) // This is the HTTP response\n.end(function (err, res) {\n  // HTTP status should be 200\n  res.status.should.equal(200);\n  done();\n});",
      "err": {},
      "isRoot": false,
      "uuid": "89727123-789f-4c6b-ab3e-7b353ef4df24",
      "parentUUID": "4fd3dd38-2ab0-4ede-af60-78013e6c8574",
      "skipped": false
    },
    {
      "title": "should add a contact",
      "fullTitle": "Contacts API unit test should add a contact",
      "timedOut": false,
      "duration": 48,
      "state": "passed",
      "speed": "medium",
      "pass": true,
      "fail": false,
      "pending": false,
      "code": "// post to /api/contacts\n// calling home page api\n(0, _supertest2.default)(_server.server).post('/api/contacts').send({ name: \"Contact 99\", address: \"123 Strand St\" }).expect(\"Content-type\", /json/).expect(201).end(function (err, res) {\n  res.status.should.equal(201);\n  res.body.contact.should.have.property('_id');\n  res.body.contact.name.should.equal('Contact 99');\n  done();\n});",
      "err": {},
      "isRoot": false,
      "uuid": "252d60d5-3765-4a6e-8b66-fc22846e66ce",
      "parentUUID": "4fd3dd38-2ab0-4ede-af60-78013e6c8574",
      "skipped": false
    },
    {
      "title": "should delete contact",
      "fullTitle": "Contacts API unit test should delete contact",
      "timedOut": false,
      "duration": 33,
      "state": "passed",
      "speed": "fast",
      "pass": true,
      "fail": false,
      "pending": false,
      "code": "// post to /api/contacts\n// calling home page api\nvar superserver = (0, _supertest2.default)(_server.server);\nsuperserver.get(\"/api/contacts\").expect(\"Content-type\", /json/).expect(200) // THis is HTTP response\n.end(function (err, res) {\n  var id = res.body[0]._id;\n  superserver.delete(\"/api/contacts/\" + id).expect(\"Content-type\", /json/).expect(200) // THis is HTTP response\n  .end(function (err, res) {\n    res.body._id.should.equal(id);\n    res.body.should.have.property(\"name\");\n    done();\n  });\n});",
      "err": {},
      "isRoot": false,
      "uuid": "86c28399-880d-4625-8394-97fa716af2e4",
      "parentUUID": "4fd3dd38-2ab0-4ede-af60-78013e6c8574",
      "skipped": false
    },
    {
      "title": "should update contact",
      "fullTitle": "Contacts API unit test should update contact",
      "timedOut": false,
      "duration": 0,
      "state": "failed",
      "pass": false,
      "fail": true,
      "pending": false,
      "code": "// post to /api/contacts\n// calling home page api\nvar superserver = (0, _supertest2.default)(_server.server);\nsuperserver.get(\"/api/contacts\").expect(\"Content-type\", /json/).expect(200) // THis is HTTP response\n.end(function (err, res) {\n  var id = res.body[0]._id,\n      name = res.body[0].name,\n      address = res.body[0].address;\n  superserver.put(\"/api/contacts/\" + id).send({ name: name + 1, address: address + 1 }).expect(\"Content-type\", /json/).expect(200) // THis is HTTP response\n  .end(function (err, res) {\n    _should2.default.exist(res.body.asd);\n    res.status.should.equal(200);\n    res.body.should.have.property('_id');\n    res.body.name.should.equal(name + 1);\n    res.body.address.should.equal(address + 1);\n    done();\n  });\n});",
      "err": {
        "message": "expected undefined to exist",
        "uncaught": true,
        "estack": "AssertionError: expected undefined to exist\n    at Test.<anonymous> (C:/Users/vsamsinovs/OneDrive/Wit/Distributed Systems/Project2/ewd_labs_2017/node_lab4/test/testContactsApi.js:86:20)\n    at Test.assert (node_modules\\supertest\\lib\\test.js:179:6)\n    at Server.assert (node_modules\\supertest\\lib\\test.js:131:12)\n    at emitCloseNT (net.js:1548:8)\n    at _combinedTickCallback (internal/process/next_tick.js:71:11)\n    at process._tickCallback (internal/process/next_tick.js:98:9)"
      },
      "isRoot": false,
      "uuid": "aee5effe-6895-42c3-b971-1db56923ef6b",
      "parentUUID": "4fd3dd38-2ab0-4ede-af60-78013e6c8574",
      "skipped": false
    }
  ],
  "allPending": [],
  "allPasses": [
    {
      "title": "should return collection of JSON documents",
      "fullTitle": "Contacts API unit test should return collection of JSON documents",
      "timedOut": false,
      "duration": 1751,
      "state": "passed",
      "speed": "slow",
      "pass": true,
      "fail": false,
      "pending": false,
      "code": "// calling home page api\n(0, _supertest2.default)(_server.server).get(\"/api/contacts\").expect(\"Content-type\", /json/).expect(200) // This is the HTTP response\n.end(function (err, res) {\n  // HTTP status should be 200\n  res.status.should.equal(200);\n  done();\n});",
      "err": {},
      "isRoot": false,
      "uuid": "89727123-789f-4c6b-ab3e-7b353ef4df24",
      "parentUUID": "4fd3dd38-2ab0-4ede-af60-78013e6c8574",
      "skipped": false
    },
    {
      "title": "should add a contact",
      "fullTitle": "Contacts API unit test should add a contact",
      "timedOut": false,
      "duration": 48,
      "state": "passed",
      "speed": "medium",
      "pass": true,
      "fail": false,
      "pending": false,
      "code": "// post to /api/contacts\n// calling home page api\n(0, _supertest2.default)(_server.server).post('/api/contacts').send({ name: \"Contact 99\", address: \"123 Strand St\" }).expect(\"Content-type\", /json/).expect(201).end(function (err, res) {\n  res.status.should.equal(201);\n  res.body.contact.should.have.property('_id');\n  res.body.contact.name.should.equal('Contact 99');\n  done();\n});",
      "err": {},
      "isRoot": false,
      "uuid": "252d60d5-3765-4a6e-8b66-fc22846e66ce",
      "parentUUID": "4fd3dd38-2ab0-4ede-af60-78013e6c8574",
      "skipped": false
    },
    {
      "title": "should delete contact",
      "fullTitle": "Contacts API unit test should delete contact",
      "timedOut": false,
      "duration": 33,
      "state": "passed",
      "speed": "fast",
      "pass": true,
      "fail": false,
      "pending": false,
      "code": "// post to /api/contacts\n// calling home page api\nvar superserver = (0, _supertest2.default)(_server.server);\nsuperserver.get(\"/api/contacts\").expect(\"Content-type\", /json/).expect(200) // THis is HTTP response\n.end(function (err, res) {\n  var id = res.body[0]._id;\n  superserver.delete(\"/api/contacts/\" + id).expect(\"Content-type\", /json/).expect(200) // THis is HTTP response\n  .end(function (err, res) {\n    res.body._id.should.equal(id);\n    res.body.should.have.property(\"name\");\n    done();\n  });\n});",
      "err": {},
      "isRoot": false,
      "uuid": "86c28399-880d-4625-8394-97fa716af2e4",
      "parentUUID": "4fd3dd38-2ab0-4ede-af60-78013e6c8574",
      "skipped": false
    }
  ],
  "allFailures": [
    {
      "title": "should update contact",
      "fullTitle": "Contacts API unit test should update contact",
      "timedOut": false,
      "duration": 0,
      "state": "failed",
      "pass": false,
      "fail": true,
      "pending": false,
      "code": "// post to /api/contacts\n// calling home page api\nvar superserver = (0, _supertest2.default)(_server.server);\nsuperserver.get(\"/api/contacts\").expect(\"Content-type\", /json/).expect(200) // THis is HTTP response\n.end(function (err, res) {\n  var id = res.body[0]._id,\n      name = res.body[0].name,\n      address = res.body[0].address;\n  superserver.put(\"/api/contacts/\" + id).send({ name: name + 1, address: address + 1 }).expect(\"Content-type\", /json/).expect(200) // THis is HTTP response\n  .end(function (err, res) {\n    _should2.default.exist(res.body.asd);\n    res.status.should.equal(200);\n    res.body.should.have.property('_id');\n    res.body.name.should.equal(name + 1);\n    res.body.address.should.equal(address + 1);\n    done();\n  });\n});",
      "err": {
        "message": "expected undefined to exist",
        "uncaught": true,
        "estack": "AssertionError: expected undefined to exist\n    at Test.<anonymous> (C:/Users/vsamsinovs/OneDrive/Wit/Distributed Systems/Project2/ewd_labs_2017/node_lab4/test/testContactsApi.js:86:20)\n    at Test.assert (node_modules\\supertest\\lib\\test.js:179:6)\n    at Server.assert (node_modules\\supertest\\lib\\test.js:131:12)\n    at emitCloseNT (net.js:1548:8)\n    at _combinedTickCallback (internal/process/next_tick.js:71:11)\n    at process._tickCallback (internal/process/next_tick.js:98:9)"
      },
      "isRoot": false,
      "uuid": "aee5effe-6895-42c3-b971-1db56923ef6b",
      "parentUUID": "4fd3dd38-2ab0-4ede-af60-78013e6c8574",
      "skipped": false
    }
  ],
  "copyrightYear": 2017
}